{
  "Data": {
    "script_version": "1.0.0",
    "environment": "JX"
  },
  "Message": "Iniciando gerenciamento de versões VIREON",
  "Level": "INFO",
  "Component": "VERSION_MANAGER",
  "Timestamp": "2025-05-30 20:23:11.735"
}
{
  "Data": {
    "path": "C:\\Users\\JX\\Desktop\\PROJETOS\\AGENTES_IA\\VIREON\\Cargo.toml"
  },
  "Message": "Versões Cargo.toml verificadas",
  "Level": "INFO",
  "Component": "VERSION_MANAGER",
  "Timestamp": "2025-05-30 20:23:12.370"
}
{
  "Data": {
    "proposed_updates": {
      "Python": "System.Collections.Hashtable",
      "Cargo": "System.Collections.Hashtable"
    }
  },
  "Message": "Simulação de atualizações de versão",
  "Level": "INFO",
  "Component": "VERSION_MANAGER",
  "Timestamp": "2025-05-30 20:23:12.610"
}
{
  "Data": null,
  "Message": "Concluindo gerenciamento de versões VIREON",
  "Level": "INFO",
  "Component": "VERSION_MANAGER",
  "Timestamp": "2025-05-30 20:23:12.727"
}
{
  "Data": {
    "script_version": "1.0.0",
    "environment": "JX"
  },
  "Message": "Iniciando gerenciamento de versões VIREON",
  "Level": "INFO",
  "Component": "VERSION_MANAGER",
  "Timestamp": "2025-05-30 20:26:05.377"
}
{
  "Data": {
    "path": "C:\\Users\\JX\\Desktop\\PROJETOS\\AGENTES_IA\\VIREON\\Cargo.toml"
  },
  "Message": "Versões Cargo.toml verificadas",
  "Level": "INFO",
  "Component": "VERSION_MANAGER",
  "Timestamp": "2025-05-30 20:26:05.927"
}
{
  "Data": {
    "path": "C:\\Users\\JX\\Desktop\\PROJETOS\\AGENTES_IA\\VIREON\\pyproject.toml"
  },
  "Message": "Versões pyproject.toml verificadas",
  "Level": "INFO",
  "Component": "VERSION_MANAGER",
  "Timestamp": "2025-05-30 20:26:05.972"
}
{
  "Data": {
    "proposed_updates": {
      "Python": {
        "vireon_neural": "0.1.5"
      },
      "Cargo": {
        "vireon_core": "0.2.0"
      }
    }
  },
  "Message": "Simulação de atualizações de versão",
  "Level": "INFO",
  "Component": "VERSION_MANAGER",
  "Timestamp": "2025-05-30 20:26:06.232"
}
{
  "Data": null,
  "Message": "Concluindo gerenciamento de versões VIREON",
  "Level": "INFO",
  "Component": "VERSION_MANAGER",
  "Timestamp": "2025-05-30 20:26:06.306"
}
